<?xml version="1.0" encoding="UTF-8"?>
<!-- Generated by org.testng.reporters.JUnitReportReporter -->
<testsuite hostname="Lenovo" failures="0" tests="3" name="org.openmrs.testrunner.TestRunner" time="0.339" errors="0" timestamp="2025-04-13T10:37:07 IST" skipped="0">
  <testcase classname="org.openmrs.testrunner.TestRunner" name="runScenario" time="0.271"/>
  <system-out/>
  <testcase classname="org.openmrs.testrunner.TestRunner" name="runScenario" time="0.041"/>
  <system-out/>
  <testcase classname="org.openmrs.testrunner.TestRunner" name="runScenario" time="0.027"/>
  <system-out/>
</testsuite> <!-- org.openmrs.testrunner.TestRunner -->
