<?xml version="1.0" encoding="UTF-8"?>
<!-- Generated by org.testng.reporters.JUnitReportReporter -->
<testsuite hostname="Lenovo" failures="0" tests="3" name="org.openmrs.frameworks.OpenMrsHybridFramework" time="87.282" errors="0" timestamp="2025-04-10T10:23:22 IST" skipped="0">
  <testcase classname="org.openmrs.frameworks.OpenMrsHybridFramework" name="registerPatientTest" time="26.935"/>
  <system-out>
    <![CDATA[<img src="E:\TESTING\SELENIUM\Selenium-Java-Jan2025\SeleniumJavaFrameworks_Jan2025//src//test//resources//Screenshots//20252210102257.jpg" />
<img src="E:\TESTING\SELENIUM\Selenium-Java-Jan2025\SeleniumJavaFrameworks_Jan2025//src//test//resources//Screenshots//20252310102300.jpg" />
<img src="E:\TESTING\SELENIUM\Selenium-Java-Jan2025\SeleniumJavaFrameworks_Jan2025//src//test//resources//Screenshots//20252310102304.jpg" />
<img src="E:\TESTING\SELENIUM\Selenium-Java-Jan2025\SeleniumJavaFrameworks_Jan2025//src//test//resources//Screenshots//20252310102305.jpg" />]]>
  </system-out>
  <testcase classname="org.openmrs.frameworks.OpenMrsHybridFramework" name="registerPatientTest" time="34.380"/>
  <system-out>
    <![CDATA[<img src="E:\TESTING\SELENIUM\Selenium-Java-Jan2025\SeleniumJavaFrameworks_Jan2025//src//test//resources//Screenshots//20252110102157.jpg" />
<img src="E:\TESTING\SELENIUM\Selenium-Java-Jan2025\SeleniumJavaFrameworks_Jan2025//src//test//resources//Screenshots//20252210102204.jpg" />
<img src="E:\TESTING\SELENIUM\Selenium-Java-Jan2025\SeleniumJavaFrameworks_Jan2025//src//test//resources//Screenshots//20252210102208.jpg" />
<img src="E:\TESTING\SELENIUM\Selenium-Java-Jan2025\SeleniumJavaFrameworks_Jan2025//src//test//resources//Screenshots//20252210102209.jpg" />]]>
  </system-out>
  <testcase classname="org.openmrs.frameworks.OpenMrsHybridFramework" name="registerPatientTest" time="25.967"/>
  <system-out>
    <![CDATA[<img src="E:\TESTING\SELENIUM\Selenium-Java-Jan2025\SeleniumJavaFrameworks_Jan2025//src//test//resources//Screenshots//20252210102231.jpg" />
<img src="E:\TESTING\SELENIUM\Selenium-Java-Jan2025\SeleniumJavaFrameworks_Jan2025//src//test//resources//Screenshots//20252210102234.jpg" />
<img src="E:\TESTING\SELENIUM\Selenium-Java-Jan2025\SeleniumJavaFrameworks_Jan2025//src//test//resources//Screenshots//20252210102238.jpg" />
<img src="E:\TESTING\SELENIUM\Selenium-Java-Jan2025\SeleniumJavaFrameworks_Jan2025//src//test//resources//Screenshots//20252210102239.jpg" />]]>
  </system-out>
</testsuite> <!-- org.openmrs.frameworks.OpenMrsHybridFramework -->
