<?xml version="1.0" encoding="UTF-8"?>
<!-- Generated by org.testng.reporters.JUnitReportReporter -->
<testsuite hostname="Lenovo" failures="0" tests="5" name="org.openmrs.datadriven.OpenMrsTestNGTests" time="89.259" errors="0" timestamp="2025-04-08T10:09:15 IST" skipped="2">
  <testcase classname="org.openmrs.datadriven.OpenMrsTestNGTests" name="registerPatient" time="35.010"/>
  <system-out>
    <![CDATA[<img src="E:\TESTING\SELENIUM\Selenium-Java-Jan2025\SeleniumJavaFrameworks_Jan2025//src//test//resources//Screenshots//20250708100749.jpg" />
<img src="E:\TESTING\SELENIUM\Selenium-Java-Jan2025\SeleniumJavaFrameworks_Jan2025//src//test//resources//Screenshots//20250708100756.jpg" />
<img src="E:\TESTING\SELENIUM\Selenium-Java-Jan2025\SeleniumJavaFrameworks_Jan2025//src//test//resources//Screenshots//20250808100800.jpg" />
<img src="E:\TESTING\SELENIUM\Selenium-Java-Jan2025\SeleniumJavaFrameworks_Jan2025//src//test//resources//Screenshots//20250808100801.jpg" />]]>
  </system-out>
  <testcase classname="org.openmrs.datadriven.OpenMrsTestNGTests" name="registerPatient" time="27.759"/>
  <system-out>
    <![CDATA[<img src="E:\TESTING\SELENIUM\Selenium-Java-Jan2025\SeleniumJavaFrameworks_Jan2025//src//test//resources//Screenshots//20250808100824.jpg" />
<img src="E:\TESTING\SELENIUM\Selenium-Java-Jan2025\SeleniumJavaFrameworks_Jan2025//src//test//resources//Screenshots//20250808100827.jpg" />
<img src="E:\TESTING\SELENIUM\Selenium-Java-Jan2025\SeleniumJavaFrameworks_Jan2025//src//test//resources//Screenshots//20250808100831.jpg" />
<img src="E:\TESTING\SELENIUM\Selenium-Java-Jan2025\SeleniumJavaFrameworks_Jan2025//src//test//resources//Screenshots//20250808100831.jpg" />]]>
  </system-out>
  <testcase classname="org.openmrs.datadriven.OpenMrsTestNGTests" name="registerPatient" time="26.490"/>
  <system-out>
    <![CDATA[<img src="E:\TESTING\SELENIUM\Selenium-Java-Jan2025\SeleniumJavaFrameworks_Jan2025//src//test//resources//Screenshots//20250808100851.jpg" />
<img src="E:\TESTING\SELENIUM\Selenium-Java-Jan2025\SeleniumJavaFrameworks_Jan2025//src//test//resources//Screenshots//20250808100853.jpg" />
<img src="E:\TESTING\SELENIUM\Selenium-Java-Jan2025\SeleniumJavaFrameworks_Jan2025//src//test//resources//Screenshots//20250808100858.jpg" />
<img src="E:\TESTING\SELENIUM\Selenium-Java-Jan2025\SeleniumJavaFrameworks_Jan2025//src//test//resources//Screenshots//20250808100858.jpg" />]]>
  </system-out>
  <testcase classname="org.openmrs.datadriven.OpenMrsTestNGTests" name="activateVisitsAndAddAttachments">
    <skipped/>
  </testcase> <!-- activateVisitsAndAddAttachments -->
  <system-out/>
  <testcase classname="org.openmrs.datadriven.OpenMrsTestNGTests" name="findPatient">
    <skipped/>
  </testcase> <!-- findPatient -->
  <system-out/>
</testsuite> <!-- org.openmrs.datadriven.OpenMrsTestNGTests -->
