<?xml version="1.0" encoding="UTF-8"?>
<!-- Generated by org.testng.reporters.JUnitReportReporter -->
<testsuite hostname="Lenovo" failures="0" tests="3" name="org.openmrs.testrunner.TestRunner" time="125.785" errors="0" timestamp="2025-04-15T09:21:05 IST" skipped="0">
  <testcase classname="org.openmrs.testrunner.TestRunner" name="runScenario" time="56.837"/>
  <testcase classname="org.openmrs.testrunner.TestRunner" name="runScenario" time="34.155"/>
  <testcase classname="org.openmrs.testrunner.TestRunner" name="runScenario" time="34.793"/>
</testsuite> <!-- org.openmrs.testrunner.TestRunner -->
